2022-03-25 12:41:05.172  INFO 6076 --- [main] c.c.s.demo.SpringbootDemoApplication     : Starting SpringbootDemoApplication using Java 17.0.2 on LAPTOP-NSSHDHB4 with PID 6076 (C:\Users\Avinash\SPRING_WS\springboot-demo\target\classes started by Avinash in C:\Users\Avinash\SPRING_WS\springboot-demo)
2022-03-25 12:41:05.174  INFO 6076 --- [main] c.c.s.demo.SpringbootDemoApplication     : No active profile set, falling back to 1 default profile: "default"
2022-03-25 12:41:06.051  INFO 6076 --- [main] o.s.b.w.embedded.tomcat.TomcatWebServer  : Tomcat initialized with port(s): 8088 (http)
2022-03-25 12:41:06.064  INFO 6076 --- [main] o.apache.catalina.core.StandardService   : Starting service [Tomcat]
2022-03-25 12:41:06.065  INFO 6076 --- [main] org.apache.catalina.core.StandardEngine  : Starting Servlet engine: [Apache Tomcat/9.0.58]
2022-03-25 12:41:06.136  INFO 6076 --- [main] o.a.c.c.C.[Tomcat].[localhost].[/]       : Initializing Spring embedded WebApplicationContext
2022-03-25 12:41:06.137  INFO 6076 --- [main] w.s.c.ServletWebServerApplicationContext : Root WebApplicationContext: initialization completed in 914 ms
2022-03-25 12:41:06.532  INFO 6076 --- [main] o.s.b.w.embedded.tomcat.TomcatWebServer  : Tomcat started on port(s): 8088 (http) with context path ''
2022-03-25 12:41:06.543  INFO 6076 --- [main] c.c.s.demo.SpringbootDemoApplication     : Started SpringbootDemoApplication in 1.764 seconds (JVM running for 2.563)
2022-03-25 12:41:06.546  INFO 6076 --- [main] c.c.s.demo.SpringbootDemoApplication     : End
2022-03-25 12:44:06.739  INFO 6076 --- [RMI TCP Connection(10)-127.0.0.1] inMXBeanRegistrar$SpringApplicationAdmin : Application shutdown requested.
2022-03-25 12:44:28.066  INFO 9236 --- [main] c.c.s.demo.SpringbootDemoApplication     : Starting SpringbootDemoApplication using Java 17.0.2 on LAPTOP-NSSHDHB4 with PID 9236 (C:\Users\Avinash\SPRING_WS\springboot-demo\target\classes started by Avinash in C:\Users\Avinash\SPRING_WS\springboot-demo)
2022-03-25 12:44:28.067  INFO 9236 --- [main] c.c.s.demo.SpringbootDemoApplication     : No active profile set, falling back to 1 default profile: "default"
2022-03-25 12:44:28.929  INFO 9236 --- [main] o.s.b.w.embedded.tomcat.TomcatWebServer  : Tomcat initialized with port(s): 8088 (http)
2022-03-25 12:44:28.944  INFO 9236 --- [main] o.apache.catalina.core.StandardService   : Starting service [Tomcat]
2022-03-25 12:44:28.946  INFO 9236 --- [main] org.apache.catalina.core.StandardEngine  : Starting Servlet engine: [Apache Tomcat/9.0.58]
2022-03-25 12:44:29.019  INFO 9236 --- [main] o.a.c.c.C.[Tomcat].[localhost].[/]       : Initializing Spring embedded WebApplicationContext
2022-03-25 12:44:29.020  INFO 9236 --- [main] w.s.c.ServletWebServerApplicationContext : Root WebApplicationContext: initialization completed in 904 ms
2022-03-25 12:44:29.448  INFO 9236 --- [main] o.s.b.w.embedded.tomcat.TomcatWebServer  : Tomcat started on port(s): 8088 (http) with context path ''
2022-03-25 12:44:29.464  INFO 9236 --- [main] c.c.s.demo.SpringbootDemoApplication     : Started SpringbootDemoApplication in 1.787 seconds (JVM running for 2.491)
2022-03-25 12:44:29.468  INFO 9236 --- [main] c.c.s.demo.SpringbootDemoApplication     : End
